<?xml version="1.0" encoding="UTF-8"?>
<!-- Generated by org.testng.reporters.JUnitXMLReporter -->
<testsuite ignored="0" hostname="LAPTOP-N9DSPKKO" failures="0" tests="4" name="Default test" time="26.704" errors="0" timestamp="2021-11-19T13:25:11 IST">
  <testcase classname="com.qa.opencart.test.LoginPageTest" name="loginPageTitleTest" time="0.02"/>
  <testcase classname="com.qa.opencart.test.LoginPageTest" name="forgottentPwdLinkTest" time="0.079"/>
  <testcase classname="com.qa.opencart.test.LoginPageTest" name="loginLinkTest" time="0.037"/>
  <testcase classname="com.qa.opencart.test.LoginPageTest" name="LoginAppTest" time="3.587"/>
</testsuite> <!-- Default test -->
