<?xml version="1.0" encoding="UTF-8"?>
<testng-results ignored="0" total="4" passed="4" failed="0" skipped="0">
  <reporter-output>
  </reporter-output>
  <suite started-at="2021-11-19T13:24:44 IST" name="Default suite" finished-at="2021-11-19T13:25:11 IST" duration-ms="26704">
    <groups>
    </groups>
    <test started-at="2021-11-19T13:24:44 IST" name="Default test" finished-at="2021-11-19T13:25:11 IST" duration-ms="26704">
      <class name="com.qa.opencart.test.LoginPageTest">
        <test-method is-config="true" signature="setUp()[pri:0, instance:com.qa.opencart.test.LoginPageTest@2fd1433e]" started-at="2021-11-19T13:24:44 IST" name="setUp" finished-at="2021-11-19T13:25:06 IST" duration-ms="21897" status="PASS">
          <reporter-output>
          </reporter-output>
        </test-method> <!-- setUp -->
        <test-method signature="loginPageTitleTest()[pri:1, instance:com.qa.opencart.test.LoginPageTest@2fd1433e]" started-at="2021-11-19T13:25:06 IST" name="loginPageTitleTest" finished-at="2021-11-19T13:25:06 IST" duration-ms="20" status="PASS">
          <reporter-output>
          </reporter-output>
        </test-method> <!-- loginPageTitleTest -->
        <test-method signature="forgottentPwdLinkTest()[pri:2, instance:com.qa.opencart.test.LoginPageTest@2fd1433e]" started-at="2021-11-19T13:25:06 IST" name="forgottentPwdLinkTest" finished-at="2021-11-19T13:25:06 IST" duration-ms="79" status="PASS">
          <reporter-output>
          </reporter-output>
        </test-method> <!-- forgottentPwdLinkTest -->
        <test-method signature="loginLinkTest()[pri:3, instance:com.qa.opencart.test.LoginPageTest@2fd1433e]" started-at="2021-11-19T13:25:06 IST" name="loginLinkTest" finished-at="2021-11-19T13:25:06 IST" duration-ms="37" status="PASS">
          <reporter-output>
          </reporter-output>
        </test-method> <!-- loginLinkTest -->
        <test-method signature="LoginAppTest()[pri:4, instance:com.qa.opencart.test.LoginPageTest@2fd1433e]" started-at="2021-11-19T13:25:06 IST" name="LoginAppTest" finished-at="2021-11-19T13:25:10 IST" duration-ms="3587" status="PASS">
          <reporter-output>
          </reporter-output>
        </test-method> <!-- LoginAppTest -->
        <test-method is-config="true" signature="tearDown()[pri:0, instance:com.qa.opencart.test.LoginPageTest@2fd1433e]" started-at="2021-11-19T13:25:10 IST" name="tearDown" finished-at="2021-11-19T13:25:11 IST" duration-ms="844" status="PASS">
          <reporter-output>
          </reporter-output>
        </test-method> <!-- tearDown -->
      </class> <!-- com.qa.opencart.test.LoginPageTest -->
    </test> <!-- Default test -->
  </suite> <!-- Default suite -->
</testng-results>
